PCAD Importer Log
Project : ECS-TXO-5032-120-TR.LibPkg

Section : C:\Users\John\Documents\Altium\Eight_bit_v1\libraries\ECS-TXO-5032-120-TR.lia
    Section : PCB Library - ECS-TXO-5032-120-TR.PcbLib
        Section : Load Messages
            Warning - 1 : Skipping Token ECS-TXO-5032-120-TR On Line 123
            Warning - 1 : Skipping Token attachedSymbol On Line 190
        EndSection

        Section : Import Messages
        EndSection
    EndSection

    Section : SCH Library - ECS-TXO-5032-120-TR.SchLib
        Section : Parsing Messages
            Warning - 1 : Skipping Token padStyleDef On Line 9
            Warning - 1 : Skipping Token multiLayer On Line 84
            Warning - 1 : Skipping Token layerContents On Line 90
            Warning - 1 : Skipping Token layerContents On Line 99
            Warning - 1 : Skipping Token layerContents On Line 108
            Warning - 1 : Skipping Token layerContents On Line 115
        EndSection

        Section : Generating SCH Library - ECS-TXO-5032-120-TR.SchLib
        EndSection
    EndSection
EndSection
