PCAD Importer Log
Project : 1825159-1.LibPkg

Section : C:\Users\John\Documents\Altium\Eight_bit_v1\libraries\1825159-1.lia
    Section : PCB Library - 1825159-1.PcbLib
        Section : Load Messages
            Warning - 1 : Skipping Token 1825159-1 On Line 132
            Warning - 1 : Skipping Token attachedSymbol On Line 198
        EndSection

        Section : Import Messages
        EndSection
    EndSection

    Section : SCH Library - 1825159-1.SchLib
        Section : Parsing Messages
            Warning - 1 : Skipping Token padStyleDef On Line 9
            Warning - 1 : Skipping Token padStyleDef On Line 21
            Warning - 1 : Skipping Token multiLayer On Line 96
            Warning - 1 : Skipping Token layerContents On Line 101
            Warning - 1 : Skipping Token layerContents On Line 109
            Warning - 1 : Skipping Token layerContents On Line 115
            Warning - 1 : Skipping Token layerContents On Line 123
        EndSection

        Section : Generating SCH Library - 1825159-1.SchLib
        EndSection
    EndSection
EndSection
